TN:
SF:/Users/guy/repositories/conway/src/core/gfx.c
FN:6,setpixel
FN:17,gfx_create_screen
FN:39,gfx_draw_screen
FN:55,gfx_cleanup_screen
FNDA:0,gfx_create_screen
FNDA:0,setpixel
FNDA:0,gfx_cleanup_screen
FNDA:0,gfx_draw_screen
FNF:4
FNH:0
DA:6,0
DA:8,0
DA:9,0
DA:11,0
DA:13,0
DA:14,0
DA:15,0
DA:19,0
DA:21,0
DA:23,0
DA:24,0
DA:26,0
DA:27,0
DA:30,0
DA:32,0
DA:33,0
DA:36,0
DA:37,0
DA:39,0
DA:41,0
DA:43,0
DA:44,0
DA:48,0
DA:49,0
DA:50,0
DA:52,0
DA:53,0
DA:55,0
DA:57,0
DA:58,0
DA:59,0
LF:31
LH:0
end_of_record
TN:
SF:/Users/guy/repositories/conway/src/core/gol.c
FN:5,gol_create_grid
FN:29,gol_set_grid_coord
FN:37,gol_get_grid_coord
FN:44,gol_iterate_grid
FN:84,gol_cleanup_grid
FNDA:11,gol_cleanup_grid
FNDA:202,gol_get_grid_coord
FNDA:4,gol_iterate_grid
FNDA:11,gol_create_grid
FNDA:103,gol_set_grid_coord
FNF:5
FNH:5
DA:5,11
DA:7,11
DA:9,11
DA:10,11
DA:12,11
DA:17,286
DA:18,132
DA:20,3432
DA:21,1584
DA:22,1584
DA:24,132
DA:26,11
DA:29,103
DA:30,412
DA:31,102
DA:32,102
DA:34,1
DA:35,103
DA:37,202
DA:38,808
DA:39,201
DA:41,1
DA:42,202
DA:44,4
DA:46,4
DA:49,4
DA:50,88
DA:51,880
DA:53,400
DA:54,400
DA:55,400
DA:56,400
DA:57,400
DA:58,400
DA:59,400
DA:60,400
DA:61,400
DA:63,400
DA:64,245
DA:65,12
DA:66,12
DA:67,245
DA:68,155
DA:69,1
DA:70,155
DA:71,30
DA:72,30
DA:73,124
DA:76,400
DA:77,40
DA:79,4
DA:81,4
DA:84,11
DA:86,286
DA:87,132
DA:88,132
DA:90,11
DA:92,11
LF:58
LH:58
end_of_record
