TN:
SF:/Users/guy/repositories/conway/src/core/gfx.c
FN:8,setpixel
FN:19,draw_rect
FN:32,gfx_create_screen
FN:54,gfx_draw_screen
FN:89,gfx_cleanup_screen
FNDA:0,gfx_create_screen
FNDA:0,setpixel
FNDA:0,gfx_cleanup_screen
FNDA:0,gfx_draw_screen
FNDA:0,draw_rect
FNF:5
FNH:0
DA:13,0
DA:15,0
DA:16,0
DA:17,0
DA:23,0
DA:24,0
DA:25,0
DA:26,0
DA:27,0
DA:28,0
DA:30,0
DA:34,0
DA:36,0
DA:37,0
DA:40,0
DA:42,0
DA:43,0
DA:46,0
DA:48,0
DA:49,0
DA:51,0
DA:52,0
DA:56,0
DA:58,0
DA:59,0
DA:61,0
DA:62,0
DA:66,0
DA:67,0
DA:68,0
DA:69,0
DA:72,0
DA:73,0
DA:74,0
DA:75,0
DA:76,0
DA:77,0
DA:79,0
DA:80,0
DA:82,0
DA:83,0
DA:84,0
DA:86,0
DA:87,0
DA:91,0
DA:92,0
DA:93,0
LF:47
LH:0
end_of_record
TN:
SF:/Users/guy/repositories/conway/src/core/gol.c
FN:5,gol_create_grid
FN:29,gol_randomise_grid
FN:43,gol_set_grid_coord
FN:51,gol_get_grid_coord
FN:58,gol_iterate_grid
FN:98,gol_cleanup_grid
FNDA:14,gol_cleanup_grid
FNDA:202,gol_get_grid_coord
FNDA:1,gol_randomise_grid
FNDA:7,gol_iterate_grid
FNDA:14,gol_create_grid
FNDA:10003,gol_set_grid_coord
FNF:6
FNH:6
DA:7,14
DA:9,14
DA:10,14
DA:12,14
DA:17,1264
DA:18,618
DA:20,107868
DA:21,53316
DA:22,53316
DA:24,618
DA:26,14
DA:31,202
DA:32,20200
DA:33,10000
DA:34,1016
DA:35,1016
DA:36,8984
DA:38,10000
DA:39,100
DA:41,1
DA:44,40012
DA:45,10002
DA:46,10002
DA:48,1
DA:49,10003
DA:52,808
DA:53,201
DA:55,1
DA:56,202
DA:60,7
DA:64,874
DA:65,81460
DA:67,40300
DA:68,40300
DA:69,40300
DA:70,40300
DA:71,40300
DA:72,40300
DA:73,40300
DA:74,40300
DA:75,40300
DA:77,40300
DA:78,38006
DA:79,663
DA:80,663
DA:81,38006
DA:82,2294
DA:83,1169
DA:84,2294
DA:85,848
DA:86,848
DA:87,277
DA:90,40300
DA:91,430
DA:93,7
DA:95,7
DA:100,1264
DA:101,618
DA:102,618
DA:104,14
DA:106,14
LF:61
LH:61
end_of_record
